<?xml version="1.0" encoding="UTF-8"?>
<!-- Generated by org.testng.reporters.JUnitReportReporter -->
<testsuite hostname="DESKTOP-S1GGG6S" failures="0" tests="1" name="scripts.Testcase2" time="26.012" errors="0" timestamp="2022-09-12T03:33:41 IST" skipped="0">
  <testcase classname="scripts.Testcase2" name="tc2" time="26.012"/>
  <system-out/>
</testsuite> <!-- scripts.Testcase2 -->
