<?xml version="1.0" encoding="UTF-8"?>
<!-- Generated by org.testng.reporters.JUnitReportReporter -->
<testsuite hostname="DESKTOP-S1GGG6S" failures="0" tests="1" name="scripts.Testcase3" time="26.742" errors="0" timestamp="2022-09-12T01:48:23 IST" skipped="0">
  <testcase classname="scripts.Testcase3" name="tc3" time="26.742"/>
  <system-out/>
</testsuite> <!-- scripts.Testcase3 -->
