<?xml version="1.0" encoding="UTF-8"?>
<!-- Generated by org.testng.reporters.JUnitReportReporter -->
<testsuite hostname="DESKTOP-S1GGG6S" failures="0" tests="1" name="scripts.Testcase1" time="9.201" errors="0" timestamp="2022-09-12T01:48:23 IST" skipped="0">
  <testcase classname="scripts.Testcase1" name="tc1" time="9.201"/>
  <system-out/>
</testsuite> <!-- scripts.Testcase1 -->
